2019-06-10 17:48:36,748 INFO 38096 [Timer] /Users/lxs24sxl/github/egg-guide/node_modules/egg-multipart/app/schedule/clean_tmpdir.js next time will execute after 38483254ms at 2019-06-11 04:30:00.002
2019-06-10 17:48:36,748 INFO 38096 [Timer] /Users/lxs24sxl/github/egg-guide/node_modules/egg-logrotator/app/schedule/clean_log.js next time will execute after 22283252ms at 2019-06-11 00:00:00.000
2019-06-10 17:48:36,749 INFO 38096 [Timer] /Users/lxs24sxl/github/egg-guide/node_modules/egg-logrotator/app/schedule/rotate_by_file.js next time will execute after 22284252ms at 2019-06-11 00:00:01.001
2019-06-10 17:48:36,702 INFO 38097 [egg-schedule]: register schedule /Users/lxs24sxl/github/egg-guide/node_modules/egg-multipart/app/schedule/clean_tmpdir.js
2019-06-10 17:48:36,702 INFO 38097 [egg-schedule]: register schedule /Users/lxs24sxl/github/egg-guide/node_modules/egg-logrotator/app/schedule/clean_log.js
2019-06-10 17:48:36,702 INFO 38097 [egg-schedule]: register schedule /Users/lxs24sxl/github/egg-guide/node_modules/egg-logrotator/app/schedule/rotate_by_file.js
2019-06-10 17:53:47,998 INFO 38481 [Timer] /Users/lxs24sxl/github/egg-guide/node_modules/egg-multipart/app/schedule/clean_tmpdir.js next time will execute after 38172004ms at 2019-06-11 04:30:00.002
2019-06-10 17:53:47,998 INFO 38481 [Timer] /Users/lxs24sxl/github/egg-guide/node_modules/egg-logrotator/app/schedule/clean_log.js next time will execute after 21972002ms at 2019-06-11 00:00:00.000
2019-06-10 17:53:47,998 INFO 38481 [Timer] /Users/lxs24sxl/github/egg-guide/node_modules/egg-logrotator/app/schedule/rotate_by_file.js next time will execute after 21973002ms at 2019-06-11 00:00:01.000
2019-06-10 17:53:47,950 INFO 38482 [egg-schedule]: register schedule /Users/lxs24sxl/github/egg-guide/node_modules/egg-multipart/app/schedule/clean_tmpdir.js
2019-06-10 17:53:47,950 INFO 38482 [egg-schedule]: register schedule /Users/lxs24sxl/github/egg-guide/node_modules/egg-logrotator/app/schedule/clean_log.js
2019-06-10 17:53:47,950 INFO 38482 [egg-schedule]: register schedule /Users/lxs24sxl/github/egg-guide/node_modules/egg-logrotator/app/schedule/rotate_by_file.js
2019-06-10 18:04:46,775 INFO 38828 [egg-schedule]: register schedule /Users/lxs24sxl/github/egg-guide/node_modules/egg-multipart/app/schedule/clean_tmpdir.js
2019-06-10 18:04:46,775 INFO 38828 [egg-schedule]: register schedule /Users/lxs24sxl/github/egg-guide/node_modules/egg-logrotator/app/schedule/clean_log.js
2019-06-10 18:04:46,775 INFO 38828 [egg-schedule]: register schedule /Users/lxs24sxl/github/egg-guide/node_modules/egg-logrotator/app/schedule/rotate_by_file.js
2019-06-10 18:05:02,572 INFO 38842 [egg-schedule]: register schedule /Users/lxs24sxl/github/egg-guide/node_modules/egg-multipart/app/schedule/clean_tmpdir.js
2019-06-10 18:05:02,572 INFO 38842 [egg-schedule]: register schedule /Users/lxs24sxl/github/egg-guide/node_modules/egg-logrotator/app/schedule/clean_log.js
2019-06-10 18:05:02,572 INFO 38842 [egg-schedule]: register schedule /Users/lxs24sxl/github/egg-guide/node_modules/egg-logrotator/app/schedule/rotate_by_file.js
2019-06-10 18:05:26,506 INFO 38883 [egg-schedule]: register schedule /Users/lxs24sxl/github/egg-guide/node_modules/egg-multipart/app/schedule/clean_tmpdir.js
2019-06-10 18:05:26,506 INFO 38883 [egg-schedule]: register schedule /Users/lxs24sxl/github/egg-guide/node_modules/egg-logrotator/app/schedule/clean_log.js
2019-06-10 18:05:26,506 INFO 38883 [egg-schedule]: register schedule /Users/lxs24sxl/github/egg-guide/node_modules/egg-logrotator/app/schedule/rotate_by_file.js
2019-06-10 18:05:54,742 INFO 38921 [egg-schedule]: register schedule /Users/lxs24sxl/github/egg-guide/node_modules/egg-multipart/app/schedule/clean_tmpdir.js
2019-06-10 18:05:54,742 INFO 38921 [egg-schedule]: register schedule /Users/lxs24sxl/github/egg-guide/node_modules/egg-logrotator/app/schedule/clean_log.js
2019-06-10 18:05:54,742 INFO 38921 [egg-schedule]: register schedule /Users/lxs24sxl/github/egg-guide/node_modules/egg-logrotator/app/schedule/rotate_by_file.js
2019-06-10 18:06:07,912 INFO 38939 [egg-schedule]: register schedule /Users/lxs24sxl/github/egg-guide/node_modules/egg-multipart/app/schedule/clean_tmpdir.js
2019-06-10 18:06:07,912 INFO 38939 [egg-schedule]: register schedule /Users/lxs24sxl/github/egg-guide/node_modules/egg-logrotator/app/schedule/clean_log.js
2019-06-10 18:06:07,912 INFO 38939 [egg-schedule]: register schedule /Users/lxs24sxl/github/egg-guide/node_modules/egg-logrotator/app/schedule/rotate_by_file.js
2019-06-10 18:06:17,498 INFO 38956 [egg-schedule]: register schedule /Users/lxs24sxl/github/egg-guide/node_modules/egg-multipart/app/schedule/clean_tmpdir.js
2019-06-10 18:06:17,498 INFO 38956 [egg-schedule]: register schedule /Users/lxs24sxl/github/egg-guide/node_modules/egg-logrotator/app/schedule/clean_log.js
2019-06-10 18:06:17,498 INFO 38956 [egg-schedule]: register schedule /Users/lxs24sxl/github/egg-guide/node_modules/egg-logrotator/app/schedule/rotate_by_file.js
2019-06-10 18:06:20,510 INFO 38963 [egg-schedule]: register schedule /Users/lxs24sxl/github/egg-guide/node_modules/egg-multipart/app/schedule/clean_tmpdir.js
2019-06-10 18:06:20,510 INFO 38963 [egg-schedule]: register schedule /Users/lxs24sxl/github/egg-guide/node_modules/egg-logrotator/app/schedule/clean_log.js
2019-06-10 18:06:20,510 INFO 38963 [egg-schedule]: register schedule /Users/lxs24sxl/github/egg-guide/node_modules/egg-logrotator/app/schedule/rotate_by_file.js
2019-06-10 18:06:31,193 INFO 38986 [egg-schedule]: register schedule /Users/lxs24sxl/github/egg-guide/node_modules/egg-multipart/app/schedule/clean_tmpdir.js
2019-06-10 18:06:31,193 INFO 38986 [egg-schedule]: register schedule /Users/lxs24sxl/github/egg-guide/node_modules/egg-logrotator/app/schedule/clean_log.js
2019-06-10 18:06:31,193 INFO 38986 [egg-schedule]: register schedule /Users/lxs24sxl/github/egg-guide/node_modules/egg-logrotator/app/schedule/rotate_by_file.js
2019-06-10 18:06:33,451 INFO 38993 [egg-schedule]: register schedule /Users/lxs24sxl/github/egg-guide/node_modules/egg-multipart/app/schedule/clean_tmpdir.js
2019-06-10 18:06:33,451 INFO 38993 [egg-schedule]: register schedule /Users/lxs24sxl/github/egg-guide/node_modules/egg-logrotator/app/schedule/clean_log.js
2019-06-10 18:06:33,451 INFO 38993 [egg-schedule]: register schedule /Users/lxs24sxl/github/egg-guide/node_modules/egg-logrotator/app/schedule/rotate_by_file.js
2019-06-10 18:06:42,306 INFO 39003 [egg-schedule]: register schedule /Users/lxs24sxl/github/egg-guide/node_modules/egg-multipart/app/schedule/clean_tmpdir.js
2019-06-10 18:06:42,306 INFO 39003 [egg-schedule]: register schedule /Users/lxs24sxl/github/egg-guide/node_modules/egg-logrotator/app/schedule/clean_log.js
2019-06-10 18:06:42,306 INFO 39003 [egg-schedule]: register schedule /Users/lxs24sxl/github/egg-guide/node_modules/egg-logrotator/app/schedule/rotate_by_file.js
2019-06-10 18:06:42,996 INFO 39005 [egg-schedule]: register schedule /Users/lxs24sxl/github/egg-guide/node_modules/egg-multipart/app/schedule/clean_tmpdir.js
2019-06-10 18:06:42,996 INFO 39005 [egg-schedule]: register schedule /Users/lxs24sxl/github/egg-guide/node_modules/egg-logrotator/app/schedule/clean_log.js
2019-06-10 18:06:42,996 INFO 39005 [egg-schedule]: register schedule /Users/lxs24sxl/github/egg-guide/node_modules/egg-logrotator/app/schedule/rotate_by_file.js
2019-06-10 18:06:46,634 INFO 39012 [egg-schedule]: register schedule /Users/lxs24sxl/github/egg-guide/node_modules/egg-multipart/app/schedule/clean_tmpdir.js
2019-06-10 18:06:46,634 INFO 39012 [egg-schedule]: register schedule /Users/lxs24sxl/github/egg-guide/node_modules/egg-logrotator/app/schedule/clean_log.js
2019-06-10 18:06:46,634 INFO 39012 [egg-schedule]: register schedule /Users/lxs24sxl/github/egg-guide/node_modules/egg-logrotator/app/schedule/rotate_by_file.js
2019-06-10 18:06:52,693 INFO 39027 [egg-schedule]: register schedule /Users/lxs24sxl/github/egg-guide/node_modules/egg-multipart/app/schedule/clean_tmpdir.js
2019-06-10 18:06:52,693 INFO 39027 [egg-schedule]: register schedule /Users/lxs24sxl/github/egg-guide/node_modules/egg-logrotator/app/schedule/clean_log.js
2019-06-10 18:06:52,693 INFO 39027 [egg-schedule]: register schedule /Users/lxs24sxl/github/egg-guide/node_modules/egg-logrotator/app/schedule/rotate_by_file.js
2019-06-10 18:07:02,394 INFO 39043 [egg-schedule]: register schedule /Users/lxs24sxl/github/egg-guide/node_modules/egg-multipart/app/schedule/clean_tmpdir.js
2019-06-10 18:07:02,394 INFO 39043 [egg-schedule]: register schedule /Users/lxs24sxl/github/egg-guide/node_modules/egg-logrotator/app/schedule/clean_log.js
2019-06-10 18:07:02,394 INFO 39043 [egg-schedule]: register schedule /Users/lxs24sxl/github/egg-guide/node_modules/egg-logrotator/app/schedule/rotate_by_file.js
2019-06-10 18:07:12,474 INFO 39062 [egg-schedule]: register schedule /Users/lxs24sxl/github/egg-guide/node_modules/egg-multipart/app/schedule/clean_tmpdir.js
2019-06-10 18:07:12,474 INFO 39062 [egg-schedule]: register schedule /Users/lxs24sxl/github/egg-guide/node_modules/egg-logrotator/app/schedule/clean_log.js
2019-06-10 18:07:12,474 INFO 39062 [egg-schedule]: register schedule /Users/lxs24sxl/github/egg-guide/node_modules/egg-logrotator/app/schedule/rotate_by_file.js
2019-06-10 18:07:26,816 INFO 39095 [egg-schedule]: register schedule /Users/lxs24sxl/github/egg-guide/node_modules/egg-multipart/app/schedule/clean_tmpdir.js
2019-06-10 18:07:26,816 INFO 39095 [egg-schedule]: register schedule /Users/lxs24sxl/github/egg-guide/node_modules/egg-logrotator/app/schedule/clean_log.js
2019-06-10 18:07:26,816 INFO 39095 [egg-schedule]: register schedule /Users/lxs24sxl/github/egg-guide/node_modules/egg-logrotator/app/schedule/rotate_by_file.js
2019-06-10 18:07:27,764 INFO 39103 [egg-schedule]: register schedule /Users/lxs24sxl/github/egg-guide/node_modules/egg-multipart/app/schedule/clean_tmpdir.js
2019-06-10 18:07:27,764 INFO 39103 [egg-schedule]: register schedule /Users/lxs24sxl/github/egg-guide/node_modules/egg-logrotator/app/schedule/clean_log.js
2019-06-10 18:07:27,764 INFO 39103 [egg-schedule]: register schedule /Users/lxs24sxl/github/egg-guide/node_modules/egg-logrotator/app/schedule/rotate_by_file.js
2019-06-10 18:29:57,815 INFO 41109 [egg-schedule]: register schedule /Users/lxs24sxl/github/egg-guide/node_modules/egg-multipart/app/schedule/clean_tmpdir.js
2019-06-10 18:29:57,815 INFO 41109 [egg-schedule]: register schedule /Users/lxs24sxl/github/egg-guide/node_modules/egg-logrotator/app/schedule/clean_log.js
2019-06-10 18:29:57,815 INFO 41109 [egg-schedule]: register schedule /Users/lxs24sxl/github/egg-guide/node_modules/egg-logrotator/app/schedule/rotate_by_file.js
2019-06-10 18:29:58,239 INFO 41110 [egg-schedule]: register schedule /Users/lxs24sxl/github/egg-guide/node_modules/egg-multipart/app/schedule/clean_tmpdir.js
2019-06-10 18:29:58,239 INFO 41110 [egg-schedule]: register schedule /Users/lxs24sxl/github/egg-guide/node_modules/egg-logrotator/app/schedule/clean_log.js
2019-06-10 18:29:58,239 INFO 41110 [egg-schedule]: register schedule /Users/lxs24sxl/github/egg-guide/node_modules/egg-logrotator/app/schedule/rotate_by_file.js
2019-06-10 19:20:13,500 INFO 43060 [egg-schedule]: register schedule /Users/lxs24sxl/github/egg-guide/node_modules/egg-multipart/app/schedule/clean_tmpdir.js
2019-06-10 19:20:13,500 INFO 43060 [egg-schedule]: register schedule /Users/lxs24sxl/github/egg-guide/node_modules/egg-logrotator/app/schedule/clean_log.js
2019-06-10 19:20:13,500 INFO 43060 [egg-schedule]: register schedule /Users/lxs24sxl/github/egg-guide/node_modules/egg-logrotator/app/schedule/rotate_by_file.js
2019-06-10 19:20:22,824 INFO 43095 [egg-schedule]: register schedule /Users/lxs24sxl/github/egg-guide/node_modules/egg-multipart/app/schedule/clean_tmpdir.js
2019-06-10 19:20:22,824 INFO 43095 [egg-schedule]: register schedule /Users/lxs24sxl/github/egg-guide/node_modules/egg-logrotator/app/schedule/clean_log.js
2019-06-10 19:20:22,824 INFO 43095 [egg-schedule]: register schedule /Users/lxs24sxl/github/egg-guide/node_modules/egg-logrotator/app/schedule/rotate_by_file.js
2019-06-10 19:20:25,403 INFO 43102 [egg-schedule]: register schedule /Users/lxs24sxl/github/egg-guide/node_modules/egg-multipart/app/schedule/clean_tmpdir.js
2019-06-10 19:20:25,403 INFO 43102 [egg-schedule]: register schedule /Users/lxs24sxl/github/egg-guide/node_modules/egg-logrotator/app/schedule/clean_log.js
2019-06-10 19:20:25,403 INFO 43102 [egg-schedule]: register schedule /Users/lxs24sxl/github/egg-guide/node_modules/egg-logrotator/app/schedule/rotate_by_file.js
2019-06-10 19:20:27,859 INFO 43116 [egg-schedule]: register schedule /Users/lxs24sxl/github/egg-guide/node_modules/egg-multipart/app/schedule/clean_tmpdir.js
2019-06-10 19:20:27,859 INFO 43116 [egg-schedule]: register schedule /Users/lxs24sxl/github/egg-guide/node_modules/egg-logrotator/app/schedule/clean_log.js
2019-06-10 19:20:27,859 INFO 43116 [egg-schedule]: register schedule /Users/lxs24sxl/github/egg-guide/node_modules/egg-logrotator/app/schedule/rotate_by_file.js
2019-06-10 19:20:31,113 INFO 43129 [egg-schedule]: register schedule /Users/lxs24sxl/github/egg-guide/node_modules/egg-multipart/app/schedule/clean_tmpdir.js
2019-06-10 19:20:31,113 INFO 43129 [egg-schedule]: register schedule /Users/lxs24sxl/github/egg-guide/node_modules/egg-logrotator/app/schedule/clean_log.js
2019-06-10 19:20:31,113 INFO 43129 [egg-schedule]: register schedule /Users/lxs24sxl/github/egg-guide/node_modules/egg-logrotator/app/schedule/rotate_by_file.js
2019-06-10 19:20:45,157 INFO 43159 [egg-schedule]: register schedule /Users/lxs24sxl/github/egg-guide/node_modules/egg-multipart/app/schedule/clean_tmpdir.js
2019-06-10 19:20:45,157 INFO 43159 [egg-schedule]: register schedule /Users/lxs24sxl/github/egg-guide/node_modules/egg-logrotator/app/schedule/clean_log.js
2019-06-10 19:20:45,157 INFO 43159 [egg-schedule]: register schedule /Users/lxs24sxl/github/egg-guide/node_modules/egg-logrotator/app/schedule/rotate_by_file.js
2019-06-10 19:20:55,252 INFO 43175 [egg-schedule]: register schedule /Users/lxs24sxl/github/egg-guide/node_modules/egg-multipart/app/schedule/clean_tmpdir.js
2019-06-10 19:20:55,252 INFO 43175 [egg-schedule]: register schedule /Users/lxs24sxl/github/egg-guide/node_modules/egg-logrotator/app/schedule/clean_log.js
2019-06-10 19:20:55,252 INFO 43175 [egg-schedule]: register schedule /Users/lxs24sxl/github/egg-guide/node_modules/egg-logrotator/app/schedule/rotate_by_file.js
2019-06-10 19:20:57,363 INFO 43189 [egg-schedule]: register schedule /Users/lxs24sxl/github/egg-guide/node_modules/egg-multipart/app/schedule/clean_tmpdir.js
2019-06-10 19:20:57,363 INFO 43189 [egg-schedule]: register schedule /Users/lxs24sxl/github/egg-guide/node_modules/egg-logrotator/app/schedule/clean_log.js
2019-06-10 19:20:57,363 INFO 43189 [egg-schedule]: register schedule /Users/lxs24sxl/github/egg-guide/node_modules/egg-logrotator/app/schedule/rotate_by_file.js
2019-06-10 19:21:15,168 INFO 43239 [egg-schedule]: register schedule /Users/lxs24sxl/github/egg-guide/node_modules/egg-multipart/app/schedule/clean_tmpdir.js
2019-06-10 19:21:15,168 INFO 43239 [egg-schedule]: register schedule /Users/lxs24sxl/github/egg-guide/node_modules/egg-logrotator/app/schedule/clean_log.js
2019-06-10 19:21:15,168 INFO 43239 [egg-schedule]: register schedule /Users/lxs24sxl/github/egg-guide/node_modules/egg-logrotator/app/schedule/rotate_by_file.js
2019-06-10 19:21:50,588 INFO 43268 [egg-schedule]: register schedule /Users/lxs24sxl/github/egg-guide/node_modules/egg-multipart/app/schedule/clean_tmpdir.js
2019-06-10 19:21:50,588 INFO 43268 [egg-schedule]: register schedule /Users/lxs24sxl/github/egg-guide/node_modules/egg-logrotator/app/schedule/clean_log.js
2019-06-10 19:21:50,588 INFO 43268 [egg-schedule]: register schedule /Users/lxs24sxl/github/egg-guide/node_modules/egg-logrotator/app/schedule/rotate_by_file.js
2019-06-10 19:21:51,775 INFO 43274 [egg-schedule]: register schedule /Users/lxs24sxl/github/egg-guide/node_modules/egg-multipart/app/schedule/clean_tmpdir.js
2019-06-10 19:21:51,775 INFO 43274 [egg-schedule]: register schedule /Users/lxs24sxl/github/egg-guide/node_modules/egg-logrotator/app/schedule/clean_log.js
2019-06-10 19:21:51,775 INFO 43274 [egg-schedule]: register schedule /Users/lxs24sxl/github/egg-guide/node_modules/egg-logrotator/app/schedule/rotate_by_file.js
2019-06-10 19:21:54,439 INFO 43287 [egg-schedule]: register schedule /Users/lxs24sxl/github/egg-guide/node_modules/egg-multipart/app/schedule/clean_tmpdir.js
2019-06-10 19:21:54,439 INFO 43287 [egg-schedule]: register schedule /Users/lxs24sxl/github/egg-guide/node_modules/egg-logrotator/app/schedule/clean_log.js
2019-06-10 19:21:54,439 INFO 43287 [egg-schedule]: register schedule /Users/lxs24sxl/github/egg-guide/node_modules/egg-logrotator/app/schedule/rotate_by_file.js
2019-06-10 19:23:05,525 INFO 43346 [egg-schedule]: register schedule /Users/lxs24sxl/github/egg-guide/node_modules/egg-multipart/app/schedule/clean_tmpdir.js
2019-06-10 19:23:05,525 INFO 43346 [egg-schedule]: register schedule /Users/lxs24sxl/github/egg-guide/node_modules/egg-logrotator/app/schedule/clean_log.js
2019-06-10 19:23:05,525 INFO 43346 [egg-schedule]: register schedule /Users/lxs24sxl/github/egg-guide/node_modules/egg-logrotator/app/schedule/rotate_by_file.js
2019-06-10 19:23:43,363 INFO 43426 [egg-schedule]: register schedule /Users/lxs24sxl/github/egg-guide/node_modules/egg-multipart/app/schedule/clean_tmpdir.js
2019-06-10 19:23:43,363 INFO 43426 [egg-schedule]: register schedule /Users/lxs24sxl/github/egg-guide/node_modules/egg-logrotator/app/schedule/clean_log.js
2019-06-10 19:23:43,363 INFO 43426 [egg-schedule]: register schedule /Users/lxs24sxl/github/egg-guide/node_modules/egg-logrotator/app/schedule/rotate_by_file.js
2019-06-10 19:23:44,704 INFO 43432 [egg-schedule]: register schedule /Users/lxs24sxl/github/egg-guide/node_modules/egg-multipart/app/schedule/clean_tmpdir.js
2019-06-10 19:23:44,704 INFO 43432 [egg-schedule]: register schedule /Users/lxs24sxl/github/egg-guide/node_modules/egg-logrotator/app/schedule/clean_log.js
2019-06-10 19:23:44,704 INFO 43432 [egg-schedule]: register schedule /Users/lxs24sxl/github/egg-guide/node_modules/egg-logrotator/app/schedule/rotate_by_file.js
2019-06-10 19:23:47,791 INFO 43446 [egg-schedule]: register schedule /Users/lxs24sxl/github/egg-guide/node_modules/egg-multipart/app/schedule/clean_tmpdir.js
2019-06-10 19:23:47,791 INFO 43446 [egg-schedule]: register schedule /Users/lxs24sxl/github/egg-guide/node_modules/egg-logrotator/app/schedule/clean_log.js
2019-06-10 19:23:47,791 INFO 43446 [egg-schedule]: register schedule /Users/lxs24sxl/github/egg-guide/node_modules/egg-logrotator/app/schedule/rotate_by_file.js
2019-06-10 19:23:53,922 INFO 43460 [egg-schedule]: register schedule /Users/lxs24sxl/github/egg-guide/node_modules/egg-multipart/app/schedule/clean_tmpdir.js
2019-06-10 19:23:53,922 INFO 43460 [egg-schedule]: register schedule /Users/lxs24sxl/github/egg-guide/node_modules/egg-logrotator/app/schedule/clean_log.js
2019-06-10 19:23:53,922 INFO 43460 [egg-schedule]: register schedule /Users/lxs24sxl/github/egg-guide/node_modules/egg-logrotator/app/schedule/rotate_by_file.js
2019-06-10 19:24:00,768 INFO 43476 [egg-schedule]: register schedule /Users/lxs24sxl/github/egg-guide/node_modules/egg-multipart/app/schedule/clean_tmpdir.js
2019-06-10 19:24:00,768 INFO 43476 [egg-schedule]: register schedule /Users/lxs24sxl/github/egg-guide/node_modules/egg-logrotator/app/schedule/clean_log.js
2019-06-10 19:24:00,768 INFO 43476 [egg-schedule]: register schedule /Users/lxs24sxl/github/egg-guide/node_modules/egg-logrotator/app/schedule/rotate_by_file.js
2019-06-10 19:24:07,029 INFO 43491 [egg-schedule]: register schedule /Users/lxs24sxl/github/egg-guide/node_modules/egg-multipart/app/schedule/clean_tmpdir.js
2019-06-10 19:24:07,029 INFO 43491 [egg-schedule]: register schedule /Users/lxs24sxl/github/egg-guide/node_modules/egg-logrotator/app/schedule/clean_log.js
2019-06-10 19:24:07,029 INFO 43491 [egg-schedule]: register schedule /Users/lxs24sxl/github/egg-guide/node_modules/egg-logrotator/app/schedule/rotate_by_file.js
2019-06-10 19:24:13,339 INFO 43505 [egg-schedule]: register schedule /Users/lxs24sxl/github/egg-guide/node_modules/egg-multipart/app/schedule/clean_tmpdir.js
2019-06-10 19:24:13,339 INFO 43505 [egg-schedule]: register schedule /Users/lxs24sxl/github/egg-guide/node_modules/egg-logrotator/app/schedule/clean_log.js
2019-06-10 19:24:13,339 INFO 43505 [egg-schedule]: register schedule /Users/lxs24sxl/github/egg-guide/node_modules/egg-logrotator/app/schedule/rotate_by_file.js
2019-06-10 19:24:15,627 INFO 43518 [egg-schedule]: register schedule /Users/lxs24sxl/github/egg-guide/node_modules/egg-multipart/app/schedule/clean_tmpdir.js
2019-06-10 19:24:15,627 INFO 43518 [egg-schedule]: register schedule /Users/lxs24sxl/github/egg-guide/node_modules/egg-logrotator/app/schedule/clean_log.js
2019-06-10 19:24:15,627 INFO 43518 [egg-schedule]: register schedule /Users/lxs24sxl/github/egg-guide/node_modules/egg-logrotator/app/schedule/rotate_by_file.js
2019-06-10 19:24:21,503 INFO 43533 [egg-schedule]: register schedule /Users/lxs24sxl/github/egg-guide/node_modules/egg-multipart/app/schedule/clean_tmpdir.js
2019-06-10 19:24:21,503 INFO 43533 [egg-schedule]: register schedule /Users/lxs24sxl/github/egg-guide/node_modules/egg-logrotator/app/schedule/clean_log.js
2019-06-10 19:24:21,503 INFO 43533 [egg-schedule]: register schedule /Users/lxs24sxl/github/egg-guide/node_modules/egg-logrotator/app/schedule/rotate_by_file.js
2019-06-10 19:24:22,665 INFO 43540 [egg-schedule]: register schedule /Users/lxs24sxl/github/egg-guide/node_modules/egg-multipart/app/schedule/clean_tmpdir.js
2019-06-10 19:24:22,665 INFO 43540 [egg-schedule]: register schedule /Users/lxs24sxl/github/egg-guide/node_modules/egg-logrotator/app/schedule/clean_log.js
2019-06-10 19:24:22,665 INFO 43540 [egg-schedule]: register schedule /Users/lxs24sxl/github/egg-guide/node_modules/egg-logrotator/app/schedule/rotate_by_file.js
2019-06-10 19:24:24,330 INFO 43546 [egg-schedule]: register schedule /Users/lxs24sxl/github/egg-guide/node_modules/egg-multipart/app/schedule/clean_tmpdir.js
2019-06-10 19:24:24,330 INFO 43546 [egg-schedule]: register schedule /Users/lxs24sxl/github/egg-guide/node_modules/egg-logrotator/app/schedule/clean_log.js
2019-06-10 19:24:24,330 INFO 43546 [egg-schedule]: register schedule /Users/lxs24sxl/github/egg-guide/node_modules/egg-logrotator/app/schedule/rotate_by_file.js
2019-06-10 19:24:25,964 INFO 43559 [egg-schedule]: register schedule /Users/lxs24sxl/github/egg-guide/node_modules/egg-multipart/app/schedule/clean_tmpdir.js
2019-06-10 19:24:25,964 INFO 43559 [egg-schedule]: register schedule /Users/lxs24sxl/github/egg-guide/node_modules/egg-logrotator/app/schedule/clean_log.js
2019-06-10 19:24:25,964 INFO 43559 [egg-schedule]: register schedule /Users/lxs24sxl/github/egg-guide/node_modules/egg-logrotator/app/schedule/rotate_by_file.js
2019-06-10 19:24:33,507 INFO 43575 [egg-schedule]: register schedule /Users/lxs24sxl/github/egg-guide/node_modules/egg-multipart/app/schedule/clean_tmpdir.js
2019-06-10 19:24:33,507 INFO 43575 [egg-schedule]: register schedule /Users/lxs24sxl/github/egg-guide/node_modules/egg-logrotator/app/schedule/clean_log.js
2019-06-10 19:24:33,507 INFO 43575 [egg-schedule]: register schedule /Users/lxs24sxl/github/egg-guide/node_modules/egg-logrotator/app/schedule/rotate_by_file.js
2019-06-10 19:24:35,429 INFO 43588 [egg-schedule]: register schedule /Users/lxs24sxl/github/egg-guide/node_modules/egg-multipart/app/schedule/clean_tmpdir.js
2019-06-10 19:24:35,429 INFO 43588 [egg-schedule]: register schedule /Users/lxs24sxl/github/egg-guide/node_modules/egg-logrotator/app/schedule/clean_log.js
2019-06-10 19:24:35,429 INFO 43588 [egg-schedule]: register schedule /Users/lxs24sxl/github/egg-guide/node_modules/egg-logrotator/app/schedule/rotate_by_file.js
2019-06-10 19:24:44,420 INFO 43610 [egg-schedule]: register schedule /Users/lxs24sxl/github/egg-guide/node_modules/egg-multipart/app/schedule/clean_tmpdir.js
2019-06-10 19:24:44,420 INFO 43610 [egg-schedule]: register schedule /Users/lxs24sxl/github/egg-guide/node_modules/egg-logrotator/app/schedule/clean_log.js
2019-06-10 19:24:44,420 INFO 43610 [egg-schedule]: register schedule /Users/lxs24sxl/github/egg-guide/node_modules/egg-logrotator/app/schedule/rotate_by_file.js
2019-06-10 19:24:46,350 INFO 43623 [egg-schedule]: register schedule /Users/lxs24sxl/github/egg-guide/node_modules/egg-multipart/app/schedule/clean_tmpdir.js
2019-06-10 19:24:46,350 INFO 43623 [egg-schedule]: register schedule /Users/lxs24sxl/github/egg-guide/node_modules/egg-logrotator/app/schedule/clean_log.js
2019-06-10 19:24:46,351 INFO 43623 [egg-schedule]: register schedule /Users/lxs24sxl/github/egg-guide/node_modules/egg-logrotator/app/schedule/rotate_by_file.js
2019-06-10 19:24:50,134 INFO 43630 [egg-schedule]: register schedule /Users/lxs24sxl/github/egg-guide/node_modules/egg-multipart/app/schedule/clean_tmpdir.js
2019-06-10 19:24:50,134 INFO 43630 [egg-schedule]: register schedule /Users/lxs24sxl/github/egg-guide/node_modules/egg-logrotator/app/schedule/clean_log.js
2019-06-10 19:24:50,134 INFO 43630 [egg-schedule]: register schedule /Users/lxs24sxl/github/egg-guide/node_modules/egg-logrotator/app/schedule/rotate_by_file.js
2019-06-10 19:24:51,693 INFO 43643 [egg-schedule]: register schedule /Users/lxs24sxl/github/egg-guide/node_modules/egg-multipart/app/schedule/clean_tmpdir.js
2019-06-10 19:24:51,694 INFO 43643 [egg-schedule]: register schedule /Users/lxs24sxl/github/egg-guide/node_modules/egg-logrotator/app/schedule/clean_log.js
2019-06-10 19:24:51,694 INFO 43643 [egg-schedule]: register schedule /Users/lxs24sxl/github/egg-guide/node_modules/egg-logrotator/app/schedule/rotate_by_file.js
2019-06-10 19:24:58,919 INFO 43664 [egg-schedule]: register schedule /Users/lxs24sxl/github/egg-guide/node_modules/egg-multipart/app/schedule/clean_tmpdir.js
2019-06-10 19:24:58,919 INFO 43664 [egg-schedule]: register schedule /Users/lxs24sxl/github/egg-guide/node_modules/egg-logrotator/app/schedule/clean_log.js
2019-06-10 19:24:58,919 INFO 43664 [egg-schedule]: register schedule /Users/lxs24sxl/github/egg-guide/node_modules/egg-logrotator/app/schedule/rotate_by_file.js
2019-06-10 19:25:01,915 INFO 43678 [egg-schedule]: register schedule /Users/lxs24sxl/github/egg-guide/node_modules/egg-multipart/app/schedule/clean_tmpdir.js
2019-06-10 19:25:01,915 INFO 43678 [egg-schedule]: register schedule /Users/lxs24sxl/github/egg-guide/node_modules/egg-logrotator/app/schedule/clean_log.js
2019-06-10 19:25:01,915 INFO 43678 [egg-schedule]: register schedule /Users/lxs24sxl/github/egg-guide/node_modules/egg-logrotator/app/schedule/rotate_by_file.js
2019-06-10 19:25:02,968 INFO 43684 [egg-schedule]: register schedule /Users/lxs24sxl/github/egg-guide/node_modules/egg-multipart/app/schedule/clean_tmpdir.js
2019-06-10 19:25:02,968 INFO 43684 [egg-schedule]: register schedule /Users/lxs24sxl/github/egg-guide/node_modules/egg-logrotator/app/schedule/clean_log.js
2019-06-10 19:25:02,968 INFO 43684 [egg-schedule]: register schedule /Users/lxs24sxl/github/egg-guide/node_modules/egg-logrotator/app/schedule/rotate_by_file.js
2019-06-10 19:25:07,102 INFO 43698 [egg-schedule]: register schedule /Users/lxs24sxl/github/egg-guide/node_modules/egg-multipart/app/schedule/clean_tmpdir.js
2019-06-10 19:25:07,102 INFO 43698 [egg-schedule]: register schedule /Users/lxs24sxl/github/egg-guide/node_modules/egg-logrotator/app/schedule/clean_log.js
2019-06-10 19:25:07,102 INFO 43698 [egg-schedule]: register schedule /Users/lxs24sxl/github/egg-guide/node_modules/egg-logrotator/app/schedule/rotate_by_file.js
2019-06-10 19:25:10,676 INFO 43712 [egg-schedule]: register schedule /Users/lxs24sxl/github/egg-guide/node_modules/egg-multipart/app/schedule/clean_tmpdir.js
2019-06-10 19:25:10,677 INFO 43712 [egg-schedule]: register schedule /Users/lxs24sxl/github/egg-guide/node_modules/egg-logrotator/app/schedule/clean_log.js
2019-06-10 19:25:10,677 INFO 43712 [egg-schedule]: register schedule /Users/lxs24sxl/github/egg-guide/node_modules/egg-logrotator/app/schedule/rotate_by_file.js
2019-06-10 19:25:17,299 INFO 43727 [egg-schedule]: register schedule /Users/lxs24sxl/github/egg-guide/node_modules/egg-multipart/app/schedule/clean_tmpdir.js
2019-06-10 19:25:17,299 INFO 43727 [egg-schedule]: register schedule /Users/lxs24sxl/github/egg-guide/node_modules/egg-logrotator/app/schedule/clean_log.js
2019-06-10 19:25:17,299 INFO 43727 [egg-schedule]: register schedule /Users/lxs24sxl/github/egg-guide/node_modules/egg-logrotator/app/schedule/rotate_by_file.js
2019-06-10 19:25:28,539 INFO 43756 [egg-schedule]: register schedule /Users/lxs24sxl/github/egg-guide/node_modules/egg-multipart/app/schedule/clean_tmpdir.js
2019-06-10 19:25:28,539 INFO 43756 [egg-schedule]: register schedule /Users/lxs24sxl/github/egg-guide/node_modules/egg-logrotator/app/schedule/clean_log.js
2019-06-10 19:25:28,539 INFO 43756 [egg-schedule]: register schedule /Users/lxs24sxl/github/egg-guide/node_modules/egg-logrotator/app/schedule/rotate_by_file.js
2019-06-10 19:25:41,113 INFO 43786 [egg-schedule]: register schedule /Users/lxs24sxl/github/egg-guide/node_modules/egg-multipart/app/schedule/clean_tmpdir.js
2019-06-10 19:25:41,113 INFO 43786 [egg-schedule]: register schedule /Users/lxs24sxl/github/egg-guide/node_modules/egg-logrotator/app/schedule/clean_log.js
2019-06-10 19:25:41,113 INFO 43786 [egg-schedule]: register schedule /Users/lxs24sxl/github/egg-guide/node_modules/egg-logrotator/app/schedule/rotate_by_file.js
2019-06-10 19:25:43,678 INFO 43799 [egg-schedule]: register schedule /Users/lxs24sxl/github/egg-guide/node_modules/egg-multipart/app/schedule/clean_tmpdir.js
2019-06-10 19:25:43,678 INFO 43799 [egg-schedule]: register schedule /Users/lxs24sxl/github/egg-guide/node_modules/egg-logrotator/app/schedule/clean_log.js
2019-06-10 19:25:43,678 INFO 43799 [egg-schedule]: register schedule /Users/lxs24sxl/github/egg-guide/node_modules/egg-logrotator/app/schedule/rotate_by_file.js
2019-06-10 19:25:52,278 INFO 43815 [egg-schedule]: register schedule /Users/lxs24sxl/github/egg-guide/node_modules/egg-multipart/app/schedule/clean_tmpdir.js
2019-06-10 19:25:52,278 INFO 43815 [egg-schedule]: register schedule /Users/lxs24sxl/github/egg-guide/node_modules/egg-logrotator/app/schedule/clean_log.js
2019-06-10 19:25:52,278 INFO 43815 [egg-schedule]: register schedule /Users/lxs24sxl/github/egg-guide/node_modules/egg-logrotator/app/schedule/rotate_by_file.js
2019-06-10 19:26:00,569 INFO 43831 [egg-schedule]: register schedule /Users/lxs24sxl/github/egg-guide/node_modules/egg-multipart/app/schedule/clean_tmpdir.js
2019-06-10 19:26:00,569 INFO 43831 [egg-schedule]: register schedule /Users/lxs24sxl/github/egg-guide/node_modules/egg-logrotator/app/schedule/clean_log.js
2019-06-10 19:26:00,570 INFO 43831 [egg-schedule]: register schedule /Users/lxs24sxl/github/egg-guide/node_modules/egg-logrotator/app/schedule/rotate_by_file.js
2019-06-10 19:26:02,965 INFO 43844 [egg-schedule]: register schedule /Users/lxs24sxl/github/egg-guide/node_modules/egg-multipart/app/schedule/clean_tmpdir.js
2019-06-10 19:26:02,965 INFO 43844 [egg-schedule]: register schedule /Users/lxs24sxl/github/egg-guide/node_modules/egg-logrotator/app/schedule/clean_log.js
2019-06-10 19:26:02,965 INFO 43844 [egg-schedule]: register schedule /Users/lxs24sxl/github/egg-guide/node_modules/egg-logrotator/app/schedule/rotate_by_file.js
2019-06-10 19:26:04,798 INFO 43851 [egg-schedule]: register schedule /Users/lxs24sxl/github/egg-guide/node_modules/egg-multipart/app/schedule/clean_tmpdir.js
2019-06-10 19:26:04,798 INFO 43851 [egg-schedule]: register schedule /Users/lxs24sxl/github/egg-guide/node_modules/egg-logrotator/app/schedule/clean_log.js
2019-06-10 19:26:04,798 INFO 43851 [egg-schedule]: register schedule /Users/lxs24sxl/github/egg-guide/node_modules/egg-logrotator/app/schedule/rotate_by_file.js
2019-06-10 19:26:08,941 INFO 43865 [egg-schedule]: register schedule /Users/lxs24sxl/github/egg-guide/node_modules/egg-multipart/app/schedule/clean_tmpdir.js
2019-06-10 19:26:08,941 INFO 43865 [egg-schedule]: register schedule /Users/lxs24sxl/github/egg-guide/node_modules/egg-logrotator/app/schedule/clean_log.js
2019-06-10 19:26:08,941 INFO 43865 [egg-schedule]: register schedule /Users/lxs24sxl/github/egg-guide/node_modules/egg-logrotator/app/schedule/rotate_by_file.js
2019-06-10 19:26:12,467 INFO 43878 [egg-schedule]: register schedule /Users/lxs24sxl/github/egg-guide/node_modules/egg-multipart/app/schedule/clean_tmpdir.js
2019-06-10 19:26:12,467 INFO 43878 [egg-schedule]: register schedule /Users/lxs24sxl/github/egg-guide/node_modules/egg-logrotator/app/schedule/clean_log.js
2019-06-10 19:26:12,467 INFO 43878 [egg-schedule]: register schedule /Users/lxs24sxl/github/egg-guide/node_modules/egg-logrotator/app/schedule/rotate_by_file.js
2019-06-10 19:26:17,608 INFO 43899 [egg-schedule]: register schedule /Users/lxs24sxl/github/egg-guide/node_modules/egg-multipart/app/schedule/clean_tmpdir.js
2019-06-10 19:26:17,608 INFO 43899 [egg-schedule]: register schedule /Users/lxs24sxl/github/egg-guide/node_modules/egg-logrotator/app/schedule/clean_log.js
2019-06-10 19:26:17,608 INFO 43899 [egg-schedule]: register schedule /Users/lxs24sxl/github/egg-guide/node_modules/egg-logrotator/app/schedule/rotate_by_file.js
2019-06-10 19:26:22,593 INFO 43913 [egg-schedule]: register schedule /Users/lxs24sxl/github/egg-guide/node_modules/egg-multipart/app/schedule/clean_tmpdir.js
2019-06-10 19:26:22,593 INFO 43913 [egg-schedule]: register schedule /Users/lxs24sxl/github/egg-guide/node_modules/egg-logrotator/app/schedule/clean_log.js
2019-06-10 19:26:22,593 INFO 43913 [egg-schedule]: register schedule /Users/lxs24sxl/github/egg-guide/node_modules/egg-logrotator/app/schedule/rotate_by_file.js
2019-06-10 19:26:27,301 INFO 43921 [egg-schedule]: register schedule /Users/lxs24sxl/github/egg-guide/node_modules/egg-multipart/app/schedule/clean_tmpdir.js
2019-06-10 19:26:27,301 INFO 43921 [egg-schedule]: register schedule /Users/lxs24sxl/github/egg-guide/node_modules/egg-logrotator/app/schedule/clean_log.js
2019-06-10 19:26:27,301 INFO 43921 [egg-schedule]: register schedule /Users/lxs24sxl/github/egg-guide/node_modules/egg-logrotator/app/schedule/rotate_by_file.js
2019-06-10 19:26:53,886 INFO 43964 [egg-schedule]: register schedule /Users/lxs24sxl/github/egg-guide/node_modules/egg-multipart/app/schedule/clean_tmpdir.js
2019-06-10 19:26:53,886 INFO 43964 [egg-schedule]: register schedule /Users/lxs24sxl/github/egg-guide/node_modules/egg-logrotator/app/schedule/clean_log.js
2019-06-10 19:26:53,886 INFO 43964 [egg-schedule]: register schedule /Users/lxs24sxl/github/egg-guide/node_modules/egg-logrotator/app/schedule/rotate_by_file.js
2019-06-10 19:26:56,909 INFO 43978 [egg-schedule]: register schedule /Users/lxs24sxl/github/egg-guide/node_modules/egg-multipart/app/schedule/clean_tmpdir.js
2019-06-10 19:26:56,909 INFO 43978 [egg-schedule]: register schedule /Users/lxs24sxl/github/egg-guide/node_modules/egg-logrotator/app/schedule/clean_log.js
2019-06-10 19:26:56,909 INFO 43978 [egg-schedule]: register schedule /Users/lxs24sxl/github/egg-guide/node_modules/egg-logrotator/app/schedule/rotate_by_file.js
2019-06-10 19:26:58,791 INFO 43984 [egg-schedule]: register schedule /Users/lxs24sxl/github/egg-guide/node_modules/egg-multipart/app/schedule/clean_tmpdir.js
2019-06-10 19:26:58,791 INFO 43984 [egg-schedule]: register schedule /Users/lxs24sxl/github/egg-guide/node_modules/egg-logrotator/app/schedule/clean_log.js
2019-06-10 19:26:58,791 INFO 43984 [egg-schedule]: register schedule /Users/lxs24sxl/github/egg-guide/node_modules/egg-logrotator/app/schedule/rotate_by_file.js
2019-06-10 19:27:06,164 INFO 44012 [egg-schedule]: register schedule /Users/lxs24sxl/github/egg-guide/node_modules/egg-multipart/app/schedule/clean_tmpdir.js
2019-06-10 19:27:06,164 INFO 44012 [egg-schedule]: register schedule /Users/lxs24sxl/github/egg-guide/node_modules/egg-logrotator/app/schedule/clean_log.js
2019-06-10 19:27:06,164 INFO 44012 [egg-schedule]: register schedule /Users/lxs24sxl/github/egg-guide/node_modules/egg-logrotator/app/schedule/rotate_by_file.js
2019-06-10 19:27:07,764 INFO 44019 [egg-schedule]: register schedule /Users/lxs24sxl/github/egg-guide/node_modules/egg-multipart/app/schedule/clean_tmpdir.js
2019-06-10 19:27:07,764 INFO 44019 [egg-schedule]: register schedule /Users/lxs24sxl/github/egg-guide/node_modules/egg-logrotator/app/schedule/clean_log.js
2019-06-10 19:27:07,764 INFO 44019 [egg-schedule]: register schedule /Users/lxs24sxl/github/egg-guide/node_modules/egg-logrotator/app/schedule/rotate_by_file.js
2019-06-10 19:27:11,129 INFO 44032 [egg-schedule]: register schedule /Users/lxs24sxl/github/egg-guide/node_modules/egg-multipart/app/schedule/clean_tmpdir.js
2019-06-10 19:27:11,129 INFO 44032 [egg-schedule]: register schedule /Users/lxs24sxl/github/egg-guide/node_modules/egg-logrotator/app/schedule/clean_log.js
2019-06-10 19:27:11,129 INFO 44032 [egg-schedule]: register schedule /Users/lxs24sxl/github/egg-guide/node_modules/egg-logrotator/app/schedule/rotate_by_file.js
2019-06-10 19:27:17,803 INFO 44047 [egg-schedule]: register schedule /Users/lxs24sxl/github/egg-guide/node_modules/egg-multipart/app/schedule/clean_tmpdir.js
2019-06-10 19:27:17,803 INFO 44047 [egg-schedule]: register schedule /Users/lxs24sxl/github/egg-guide/node_modules/egg-logrotator/app/schedule/clean_log.js
2019-06-10 19:27:17,803 INFO 44047 [egg-schedule]: register schedule /Users/lxs24sxl/github/egg-guide/node_modules/egg-logrotator/app/schedule/rotate_by_file.js
2019-06-10 19:27:25,562 INFO 44069 [egg-schedule]: register schedule /Users/lxs24sxl/github/egg-guide/node_modules/egg-multipart/app/schedule/clean_tmpdir.js
2019-06-10 19:27:25,562 INFO 44069 [egg-schedule]: register schedule /Users/lxs24sxl/github/egg-guide/node_modules/egg-logrotator/app/schedule/clean_log.js
2019-06-10 19:27:25,562 INFO 44069 [egg-schedule]: register schedule /Users/lxs24sxl/github/egg-guide/node_modules/egg-logrotator/app/schedule/rotate_by_file.js
2019-06-10 19:27:27,049 INFO 44075 [egg-schedule]: register schedule /Users/lxs24sxl/github/egg-guide/node_modules/egg-multipart/app/schedule/clean_tmpdir.js
2019-06-10 19:27:27,049 INFO 44075 [egg-schedule]: register schedule /Users/lxs24sxl/github/egg-guide/node_modules/egg-logrotator/app/schedule/clean_log.js
2019-06-10 19:27:27,049 INFO 44075 [egg-schedule]: register schedule /Users/lxs24sxl/github/egg-guide/node_modules/egg-logrotator/app/schedule/rotate_by_file.js
2019-06-10 19:27:31,602 INFO 44090 [egg-schedule]: register schedule /Users/lxs24sxl/github/egg-guide/node_modules/egg-multipart/app/schedule/clean_tmpdir.js
2019-06-10 19:27:31,602 INFO 44090 [egg-schedule]: register schedule /Users/lxs24sxl/github/egg-guide/node_modules/egg-logrotator/app/schedule/clean_log.js
2019-06-10 19:27:31,602 INFO 44090 [egg-schedule]: register schedule /Users/lxs24sxl/github/egg-guide/node_modules/egg-logrotator/app/schedule/rotate_by_file.js
2019-06-10 19:27:35,672 INFO 44103 [egg-schedule]: register schedule /Users/lxs24sxl/github/egg-guide/node_modules/egg-multipart/app/schedule/clean_tmpdir.js
2019-06-10 19:27:35,672 INFO 44103 [egg-schedule]: register schedule /Users/lxs24sxl/github/egg-guide/node_modules/egg-logrotator/app/schedule/clean_log.js
2019-06-10 19:27:35,672 INFO 44103 [egg-schedule]: register schedule /Users/lxs24sxl/github/egg-guide/node_modules/egg-logrotator/app/schedule/rotate_by_file.js
2019-06-10 19:27:44,515 INFO 44120 [egg-schedule]: register schedule /Users/lxs24sxl/github/egg-guide/node_modules/egg-multipart/app/schedule/clean_tmpdir.js
2019-06-10 19:27:44,515 INFO 44120 [egg-schedule]: register schedule /Users/lxs24sxl/github/egg-guide/node_modules/egg-logrotator/app/schedule/clean_log.js
2019-06-10 19:27:44,515 INFO 44120 [egg-schedule]: register schedule /Users/lxs24sxl/github/egg-guide/node_modules/egg-logrotator/app/schedule/rotate_by_file.js
2019-06-10 19:27:44,876 INFO 44127 [egg-schedule]: register schedule /Users/lxs24sxl/github/egg-guide/node_modules/egg-multipart/app/schedule/clean_tmpdir.js
2019-06-10 19:27:44,876 INFO 44127 [egg-schedule]: register schedule /Users/lxs24sxl/github/egg-guide/node_modules/egg-logrotator/app/schedule/clean_log.js
2019-06-10 19:27:44,876 INFO 44127 [egg-schedule]: register schedule /Users/lxs24sxl/github/egg-guide/node_modules/egg-logrotator/app/schedule/rotate_by_file.js
2019-06-10 19:28:13,842 INFO 44188 [egg-schedule]: register schedule /Users/lxs24sxl/github/egg-guide/node_modules/egg-multipart/app/schedule/clean_tmpdir.js
2019-06-10 19:28:13,842 INFO 44188 [egg-schedule]: register schedule /Users/lxs24sxl/github/egg-guide/node_modules/egg-logrotator/app/schedule/clean_log.js
2019-06-10 19:28:13,842 INFO 44188 [egg-schedule]: register schedule /Users/lxs24sxl/github/egg-guide/node_modules/egg-logrotator/app/schedule/rotate_by_file.js
2019-06-10 19:28:25,932 INFO 44224 [egg-schedule]: register schedule /Users/lxs24sxl/github/egg-guide/node_modules/egg-multipart/app/schedule/clean_tmpdir.js
2019-06-10 19:28:25,932 INFO 44224 [egg-schedule]: register schedule /Users/lxs24sxl/github/egg-guide/node_modules/egg-logrotator/app/schedule/clean_log.js
2019-06-10 19:28:25,932 INFO 44224 [egg-schedule]: register schedule /Users/lxs24sxl/github/egg-guide/node_modules/egg-logrotator/app/schedule/rotate_by_file.js
2019-06-10 19:28:31,446 INFO 44244 [egg-schedule]: register schedule /Users/lxs24sxl/github/egg-guide/node_modules/egg-multipart/app/schedule/clean_tmpdir.js
2019-06-10 19:28:31,446 INFO 44244 [egg-schedule]: register schedule /Users/lxs24sxl/github/egg-guide/node_modules/egg-logrotator/app/schedule/clean_log.js
2019-06-10 19:28:31,446 INFO 44244 [egg-schedule]: register schedule /Users/lxs24sxl/github/egg-guide/node_modules/egg-logrotator/app/schedule/rotate_by_file.js
2019-06-10 19:28:33,546 INFO 44251 [egg-schedule]: register schedule /Users/lxs24sxl/github/egg-guide/node_modules/egg-multipart/app/schedule/clean_tmpdir.js
2019-06-10 19:28:33,546 INFO 44251 [egg-schedule]: register schedule /Users/lxs24sxl/github/egg-guide/node_modules/egg-logrotator/app/schedule/clean_log.js
2019-06-10 19:28:33,546 INFO 44251 [egg-schedule]: register schedule /Users/lxs24sxl/github/egg-guide/node_modules/egg-logrotator/app/schedule/rotate_by_file.js
2019-06-10 19:28:38,220 INFO 44271 [egg-schedule]: register schedule /Users/lxs24sxl/github/egg-guide/node_modules/egg-multipart/app/schedule/clean_tmpdir.js
2019-06-10 19:28:38,220 INFO 44271 [egg-schedule]: register schedule /Users/lxs24sxl/github/egg-guide/node_modules/egg-logrotator/app/schedule/clean_log.js
2019-06-10 19:28:38,220 INFO 44271 [egg-schedule]: register schedule /Users/lxs24sxl/github/egg-guide/node_modules/egg-logrotator/app/schedule/rotate_by_file.js
2019-06-10 19:28:42,197 INFO 44285 [egg-schedule]: register schedule /Users/lxs24sxl/github/egg-guide/node_modules/egg-multipart/app/schedule/clean_tmpdir.js
2019-06-10 19:28:42,197 INFO 44285 [egg-schedule]: register schedule /Users/lxs24sxl/github/egg-guide/node_modules/egg-logrotator/app/schedule/clean_log.js
2019-06-10 19:28:42,197 INFO 44285 [egg-schedule]: register schedule /Users/lxs24sxl/github/egg-guide/node_modules/egg-logrotator/app/schedule/rotate_by_file.js
2019-06-10 19:28:51,370 INFO 44325 [egg-schedule]: register schedule /Users/lxs24sxl/github/egg-guide/node_modules/egg-multipart/app/schedule/clean_tmpdir.js
2019-06-10 19:28:51,370 INFO 44325 [egg-schedule]: register schedule /Users/lxs24sxl/github/egg-guide/node_modules/egg-logrotator/app/schedule/clean_log.js
2019-06-10 19:28:51,370 INFO 44325 [egg-schedule]: register schedule /Users/lxs24sxl/github/egg-guide/node_modules/egg-logrotator/app/schedule/rotate_by_file.js
2019-06-10 19:29:12,269 INFO 44422 [Timer] /Users/lxs24sxl/github/egg-guide/node_modules/egg-multipart/app/schedule/clean_tmpdir.js next time will execute after 32447732ms at 2019-06-11 04:30:00.001
2019-06-10 19:29:12,270 INFO 44422 [Timer] /Users/lxs24sxl/github/egg-guide/node_modules/egg-logrotator/app/schedule/clean_log.js next time will execute after 16247731ms at 2019-06-11 00:00:00.001
2019-06-10 19:29:12,270 INFO 44422 [Timer] /Users/lxs24sxl/github/egg-guide/node_modules/egg-logrotator/app/schedule/rotate_by_file.js next time will execute after 16248730ms at 2019-06-11 00:00:01.000
2019-06-10 19:29:12,223 INFO 44423 [egg-schedule]: register schedule /Users/lxs24sxl/github/egg-guide/node_modules/egg-multipart/app/schedule/clean_tmpdir.js
2019-06-10 19:29:12,223 INFO 44423 [egg-schedule]: register schedule /Users/lxs24sxl/github/egg-guide/node_modules/egg-logrotator/app/schedule/clean_log.js
2019-06-10 19:29:12,223 INFO 44423 [egg-schedule]: register schedule /Users/lxs24sxl/github/egg-guide/node_modules/egg-logrotator/app/schedule/rotate_by_file.js
2019-06-10 19:29:56,046 INFO 44468 [egg-schedule]: register schedule /Users/lxs24sxl/github/egg-guide/node_modules/egg-multipart/app/schedule/clean_tmpdir.js
2019-06-10 19:29:56,046 INFO 44468 [egg-schedule]: register schedule /Users/lxs24sxl/github/egg-guide/node_modules/egg-logrotator/app/schedule/clean_log.js
2019-06-10 19:29:56,046 INFO 44468 [egg-schedule]: register schedule /Users/lxs24sxl/github/egg-guide/node_modules/egg-logrotator/app/schedule/rotate_by_file.js
2019-06-10 19:29:56,676 INFO 44470 [egg-schedule]: register schedule /Users/lxs24sxl/github/egg-guide/node_modules/egg-multipart/app/schedule/clean_tmpdir.js
2019-06-10 19:29:56,676 INFO 44470 [egg-schedule]: register schedule /Users/lxs24sxl/github/egg-guide/node_modules/egg-logrotator/app/schedule/clean_log.js
2019-06-10 19:29:56,676 INFO 44470 [egg-schedule]: register schedule /Users/lxs24sxl/github/egg-guide/node_modules/egg-logrotator/app/schedule/rotate_by_file.js
2019-06-10 19:30:02,824 INFO 44485 [egg-schedule]: register schedule /Users/lxs24sxl/github/egg-guide/node_modules/egg-multipart/app/schedule/clean_tmpdir.js
2019-06-10 19:30:02,825 INFO 44485 [egg-schedule]: register schedule /Users/lxs24sxl/github/egg-guide/node_modules/egg-logrotator/app/schedule/clean_log.js
2019-06-10 19:30:02,825 INFO 44485 [egg-schedule]: register schedule /Users/lxs24sxl/github/egg-guide/node_modules/egg-logrotator/app/schedule/rotate_by_file.js
2019-06-10 19:30:03,970 INFO 44492 [egg-schedule]: register schedule /Users/lxs24sxl/github/egg-guide/node_modules/egg-multipart/app/schedule/clean_tmpdir.js
2019-06-10 19:30:03,970 INFO 44492 [egg-schedule]: register schedule /Users/lxs24sxl/github/egg-guide/node_modules/egg-logrotator/app/schedule/clean_log.js
2019-06-10 19:30:03,970 INFO 44492 [egg-schedule]: register schedule /Users/lxs24sxl/github/egg-guide/node_modules/egg-logrotator/app/schedule/rotate_by_file.js
2019-06-10 19:30:05,235 INFO 44494 [egg-schedule]: register schedule /Users/lxs24sxl/github/egg-guide/node_modules/egg-multipart/app/schedule/clean_tmpdir.js
2019-06-10 19:30:05,235 INFO 44494 [egg-schedule]: register schedule /Users/lxs24sxl/github/egg-guide/node_modules/egg-logrotator/app/schedule/clean_log.js
2019-06-10 19:30:05,235 INFO 44494 [egg-schedule]: register schedule /Users/lxs24sxl/github/egg-guide/node_modules/egg-logrotator/app/schedule/rotate_by_file.js
2019-06-10 19:30:18,171 INFO 44511 [egg-schedule]: register schedule /Users/lxs24sxl/github/egg-guide/node_modules/egg-multipart/app/schedule/clean_tmpdir.js
2019-06-10 19:30:18,171 INFO 44511 [egg-schedule]: register schedule /Users/lxs24sxl/github/egg-guide/node_modules/egg-logrotator/app/schedule/clean_log.js
2019-06-10 19:30:18,171 INFO 44511 [egg-schedule]: register schedule /Users/lxs24sxl/github/egg-guide/node_modules/egg-logrotator/app/schedule/rotate_by_file.js
2019-06-10 19:35:42,050 INFO 44722 [egg-schedule]: register schedule /Users/lxs24sxl/github/egg-guide/node_modules/egg-multipart/app/schedule/clean_tmpdir.js
2019-06-10 19:35:42,050 INFO 44722 [egg-schedule]: register schedule /Users/lxs24sxl/github/egg-guide/node_modules/egg-logrotator/app/schedule/clean_log.js
2019-06-10 19:35:42,050 INFO 44722 [egg-schedule]: register schedule /Users/lxs24sxl/github/egg-guide/node_modules/egg-logrotator/app/schedule/rotate_by_file.js
2019-06-10 19:37:10,767 INFO 44857 [Timer] /Users/lxs24sxl/github/egg-guide/node_modules/egg-multipart/app/schedule/clean_tmpdir.js next time will execute after 31969235ms at 2019-06-11 04:30:00.002
2019-06-10 19:37:10,767 INFO 44857 [Timer] /Users/lxs24sxl/github/egg-guide/node_modules/egg-logrotator/app/schedule/clean_log.js next time will execute after 15769233ms at 2019-06-11 00:00:00.000
2019-06-10 19:37:10,768 INFO 44857 [Timer] /Users/lxs24sxl/github/egg-guide/node_modules/egg-logrotator/app/schedule/rotate_by_file.js next time will execute after 15770233ms at 2019-06-11 00:00:01.001
2019-06-10 19:37:10,700 INFO 44859 [egg-schedule]: register schedule /Users/lxs24sxl/github/egg-guide/node_modules/egg-multipart/app/schedule/clean_tmpdir.js
2019-06-10 19:37:10,700 INFO 44859 [egg-schedule]: register schedule /Users/lxs24sxl/github/egg-guide/node_modules/egg-logrotator/app/schedule/clean_log.js
2019-06-10 19:37:10,700 INFO 44859 [egg-schedule]: register schedule /Users/lxs24sxl/github/egg-guide/node_modules/egg-logrotator/app/schedule/rotate_by_file.js
2019-06-10 19:37:50,521 INFO 44896 [egg-schedule]: register schedule /Users/lxs24sxl/github/egg-guide/node_modules/egg-multipart/app/schedule/clean_tmpdir.js
2019-06-10 19:37:50,521 INFO 44896 [egg-schedule]: register schedule /Users/lxs24sxl/github/egg-guide/node_modules/egg-logrotator/app/schedule/clean_log.js
2019-06-10 19:37:50,521 INFO 44896 [egg-schedule]: register schedule /Users/lxs24sxl/github/egg-guide/node_modules/egg-logrotator/app/schedule/rotate_by_file.js
2019-06-10 19:37:56,077 INFO 44910 [egg-schedule]: register schedule /Users/lxs24sxl/github/egg-guide/node_modules/egg-multipart/app/schedule/clean_tmpdir.js
2019-06-10 19:37:56,077 INFO 44910 [egg-schedule]: register schedule /Users/lxs24sxl/github/egg-guide/node_modules/egg-logrotator/app/schedule/clean_log.js
2019-06-10 19:37:56,077 INFO 44910 [egg-schedule]: register schedule /Users/lxs24sxl/github/egg-guide/node_modules/egg-logrotator/app/schedule/rotate_by_file.js
2019-06-10 19:37:56,456 INFO 44913 [egg-schedule]: register schedule /Users/lxs24sxl/github/egg-guide/node_modules/egg-multipart/app/schedule/clean_tmpdir.js
2019-06-10 19:37:56,456 INFO 44913 [egg-schedule]: register schedule /Users/lxs24sxl/github/egg-guide/node_modules/egg-logrotator/app/schedule/clean_log.js
2019-06-10 19:37:56,456 INFO 44913 [egg-schedule]: register schedule /Users/lxs24sxl/github/egg-guide/node_modules/egg-logrotator/app/schedule/rotate_by_file.js
2019-06-10 19:38:15,107 INFO 44941 [egg-schedule]: register schedule /Users/lxs24sxl/github/egg-guide/node_modules/egg-multipart/app/schedule/clean_tmpdir.js
2019-06-10 19:38:15,107 INFO 44941 [egg-schedule]: register schedule /Users/lxs24sxl/github/egg-guide/node_modules/egg-logrotator/app/schedule/clean_log.js
2019-06-10 19:38:15,107 INFO 44941 [egg-schedule]: register schedule /Users/lxs24sxl/github/egg-guide/node_modules/egg-logrotator/app/schedule/rotate_by_file.js
2019-06-10 19:38:19,670 INFO 44955 [egg-schedule]: register schedule /Users/lxs24sxl/github/egg-guide/node_modules/egg-multipart/app/schedule/clean_tmpdir.js
2019-06-10 19:38:19,670 INFO 44955 [egg-schedule]: register schedule /Users/lxs24sxl/github/egg-guide/node_modules/egg-logrotator/app/schedule/clean_log.js
2019-06-10 19:38:19,670 INFO 44955 [egg-schedule]: register schedule /Users/lxs24sxl/github/egg-guide/node_modules/egg-logrotator/app/schedule/rotate_by_file.js
2019-06-10 19:38:26,316 INFO 44970 [egg-schedule]: register schedule /Users/lxs24sxl/github/egg-guide/node_modules/egg-multipart/app/schedule/clean_tmpdir.js
2019-06-10 19:38:26,316 INFO 44970 [egg-schedule]: register schedule /Users/lxs24sxl/github/egg-guide/node_modules/egg-logrotator/app/schedule/clean_log.js
2019-06-10 19:38:26,316 INFO 44970 [egg-schedule]: register schedule /Users/lxs24sxl/github/egg-guide/node_modules/egg-logrotator/app/schedule/rotate_by_file.js
2019-06-10 19:38:28,261 INFO 44983 [egg-schedule]: register schedule /Users/lxs24sxl/github/egg-guide/node_modules/egg-multipart/app/schedule/clean_tmpdir.js
2019-06-10 19:38:28,261 INFO 44983 [egg-schedule]: register schedule /Users/lxs24sxl/github/egg-guide/node_modules/egg-logrotator/app/schedule/clean_log.js
2019-06-10 19:38:28,261 INFO 44983 [egg-schedule]: register schedule /Users/lxs24sxl/github/egg-guide/node_modules/egg-logrotator/app/schedule/rotate_by_file.js
2019-06-10 19:38:30,411 INFO 44990 [egg-schedule]: register schedule /Users/lxs24sxl/github/egg-guide/node_modules/egg-multipart/app/schedule/clean_tmpdir.js
2019-06-10 19:38:30,411 INFO 44990 [egg-schedule]: register schedule /Users/lxs24sxl/github/egg-guide/node_modules/egg-logrotator/app/schedule/clean_log.js
2019-06-10 19:38:30,411 INFO 44990 [egg-schedule]: register schedule /Users/lxs24sxl/github/egg-guide/node_modules/egg-logrotator/app/schedule/rotate_by_file.js
2019-06-10 19:38:38,240 INFO 45006 [egg-schedule]: register schedule /Users/lxs24sxl/github/egg-guide/node_modules/egg-multipart/app/schedule/clean_tmpdir.js
2019-06-10 19:38:38,240 INFO 45006 [egg-schedule]: register schedule /Users/lxs24sxl/github/egg-guide/node_modules/egg-logrotator/app/schedule/clean_log.js
2019-06-10 19:38:38,240 INFO 45006 [egg-schedule]: register schedule /Users/lxs24sxl/github/egg-guide/node_modules/egg-logrotator/app/schedule/rotate_by_file.js
2019-06-10 19:38:46,768 INFO 45091 [Timer] /Users/lxs24sxl/github/egg-guide/node_modules/egg-multipart/app/schedule/clean_tmpdir.js next time will execute after 31873234ms at 2019-06-11 04:30:00.002
2019-06-10 19:38:46,768 INFO 45091 [Timer] /Users/lxs24sxl/github/egg-guide/node_modules/egg-logrotator/app/schedule/clean_log.js next time will execute after 15673232ms at 2019-06-11 00:00:00.000
2019-06-10 19:38:46,769 INFO 45091 [Timer] /Users/lxs24sxl/github/egg-guide/node_modules/egg-logrotator/app/schedule/rotate_by_file.js next time will execute after 15674232ms at 2019-06-11 00:00:01.001
2019-06-10 19:38:46,716 INFO 45094 [egg-schedule]: register schedule /Users/lxs24sxl/github/egg-guide/node_modules/egg-multipart/app/schedule/clean_tmpdir.js
2019-06-10 19:38:46,716 INFO 45094 [egg-schedule]: register schedule /Users/lxs24sxl/github/egg-guide/node_modules/egg-logrotator/app/schedule/clean_log.js
2019-06-10 19:38:46,716 INFO 45094 [egg-schedule]: register schedule /Users/lxs24sxl/github/egg-guide/node_modules/egg-logrotator/app/schedule/rotate_by_file.js
2019-06-10 20:09:12,841 INFO 45441 [egg-schedule]: register schedule /Users/lxs24sxl/github/egg-guide/node_modules/egg-multipart/app/schedule/clean_tmpdir.js
2019-06-10 20:09:12,841 INFO 45441 [egg-schedule]: register schedule /Users/lxs24sxl/github/egg-guide/node_modules/egg-logrotator/app/schedule/clean_log.js
2019-06-10 20:09:12,841 INFO 45441 [egg-schedule]: register schedule /Users/lxs24sxl/github/egg-guide/node_modules/egg-logrotator/app/schedule/rotate_by_file.js
2019-06-10 20:09:14,072 INFO 45454 [egg-schedule]: register schedule /Users/lxs24sxl/github/egg-guide/node_modules/egg-multipart/app/schedule/clean_tmpdir.js
2019-06-10 20:09:14,072 INFO 45454 [egg-schedule]: register schedule /Users/lxs24sxl/github/egg-guide/node_modules/egg-logrotator/app/schedule/clean_log.js
2019-06-10 20:09:14,072 INFO 45454 [egg-schedule]: register schedule /Users/lxs24sxl/github/egg-guide/node_modules/egg-logrotator/app/schedule/rotate_by_file.js
2019-06-10 22:54:12,548 INFO 47501 [Timer] /Users/lxs24sxl/github/egg-guide/node_modules/egg-multipart/app/schedule/clean_tmpdir.js next time will execute after 20147454ms at 2019-06-11 04:30:00.001
2019-06-10 22:54:12,548 INFO 47501 [Timer] /Users/lxs24sxl/github/egg-guide/node_modules/egg-logrotator/app/schedule/clean_log.js next time will execute after 3947452ms at 2019-06-11 00:00:00.000
2019-06-10 22:54:12,548 INFO 47501 [Timer] /Users/lxs24sxl/github/egg-guide/node_modules/egg-logrotator/app/schedule/rotate_by_file.js next time will execute after 3948452ms at 2019-06-11 00:00:01.000
2019-06-10 22:54:12,471 INFO 47503 [egg-schedule]: register schedule /Users/lxs24sxl/github/egg-guide/node_modules/egg-multipart/app/schedule/clean_tmpdir.js
2019-06-10 22:54:12,471 INFO 47503 [egg-schedule]: register schedule /Users/lxs24sxl/github/egg-guide/node_modules/egg-logrotator/app/schedule/clean_log.js
2019-06-10 22:54:12,471 INFO 47503 [egg-schedule]: register schedule /Users/lxs24sxl/github/egg-guide/node_modules/egg-logrotator/app/schedule/rotate_by_file.js
2019-06-10 22:55:23,131 INFO 47574 [egg-schedule]: register schedule /Users/lxs24sxl/github/egg-guide/node_modules/egg-multipart/app/schedule/clean_tmpdir.js
2019-06-10 22:55:23,132 INFO 47574 [egg-schedule]: register schedule /Users/lxs24sxl/github/egg-guide/node_modules/egg-logrotator/app/schedule/clean_log.js
2019-06-10 22:55:23,132 INFO 47574 [egg-schedule]: register schedule /Users/lxs24sxl/github/egg-guide/node_modules/egg-logrotator/app/schedule/rotate_by_file.js
2019-06-10 23:12:42,008 INFO 48092 [egg-schedule]: register schedule /Users/lxs24sxl/github/egg-guide/node_modules/egg-multipart/app/schedule/clean_tmpdir.js
2019-06-10 23:12:42,008 INFO 48092 [egg-schedule]: register schedule /Users/lxs24sxl/github/egg-guide/node_modules/egg-logrotator/app/schedule/clean_log.js
2019-06-10 23:12:42,008 INFO 48092 [egg-schedule]: register schedule /Users/lxs24sxl/github/egg-guide/node_modules/egg-logrotator/app/schedule/rotate_by_file.js
2019-06-10 23:12:42,715 INFO 48093 [egg-schedule]: register schedule /Users/lxs24sxl/github/egg-guide/node_modules/egg-multipart/app/schedule/clean_tmpdir.js
2019-06-10 23:12:42,715 INFO 48093 [egg-schedule]: register schedule /Users/lxs24sxl/github/egg-guide/node_modules/egg-logrotator/app/schedule/clean_log.js
2019-06-10 23:12:42,715 INFO 48093 [egg-schedule]: register schedule /Users/lxs24sxl/github/egg-guide/node_modules/egg-logrotator/app/schedule/rotate_by_file.js
2019-06-10 23:21:54,661 INFO 48357 [egg-schedule]: register schedule /Users/lxs24sxl/github/egg-guide/node_modules/egg-multipart/app/schedule/clean_tmpdir.js
2019-06-10 23:21:54,661 INFO 48357 [egg-schedule]: register schedule /Users/lxs24sxl/github/egg-guide/node_modules/egg-logrotator/app/schedule/clean_log.js
2019-06-10 23:21:54,661 INFO 48357 [egg-schedule]: register schedule /Users/lxs24sxl/github/egg-guide/node_modules/egg-logrotator/app/schedule/rotate_by_file.js
2019-06-10 23:21:58,164 INFO 48366 [egg-schedule]: register schedule /Users/lxs24sxl/github/egg-guide/node_modules/egg-multipart/app/schedule/clean_tmpdir.js
2019-06-10 23:21:58,164 INFO 48366 [egg-schedule]: register schedule /Users/lxs24sxl/github/egg-guide/node_modules/egg-logrotator/app/schedule/clean_log.js
2019-06-10 23:21:58,164 INFO 48366 [egg-schedule]: register schedule /Users/lxs24sxl/github/egg-guide/node_modules/egg-logrotator/app/schedule/rotate_by_file.js
2019-06-10 23:22:05,903 INFO 48387 [egg-schedule]: register schedule /Users/lxs24sxl/github/egg-guide/node_modules/egg-multipart/app/schedule/clean_tmpdir.js
2019-06-10 23:22:05,903 INFO 48387 [egg-schedule]: register schedule /Users/lxs24sxl/github/egg-guide/node_modules/egg-logrotator/app/schedule/clean_log.js
2019-06-10 23:22:05,903 INFO 48387 [egg-schedule]: register schedule /Users/lxs24sxl/github/egg-guide/node_modules/egg-logrotator/app/schedule/rotate_by_file.js
